Starting audit...
[ERROR] C:\Users\krishna sairam\Downloads\sairam\ADS-2\ADS-2 assignments\1.1 Graph\Bag.java:0: File does not end with a newline. [NewlineAtEndOfFile]
[ERROR] C:\Users\krishna sairam\Downloads\sairam\ADS-2\ADS-2 assignments\1.1 Graph\Bag.java:18: Line is longer than 80 characters (found 81). [LineLength]
[ERROR] C:\Users\krishna sairam\Downloads\sairam\ADS-2\ADS-2 assignments\1.1 Graph\Bag.java:20: Line is longer than 80 characters (found 105). [LineLength]
[ERROR] C:\Users\krishna sairam\Downloads\sairam\ADS-2\ADS-2 assignments\1.1 Graph\Bag.java:23: Type Javadoc comment is missing @param <Item> tag. [JavadocType]
[ERROR] C:\Users\krishna sairam\Downloads\sairam\ADS-2\ADS-2 assignments\1.1 Graph\Bag.java:24:5: Missing a Javadoc comment. [JavadocVariable]
[ERROR] C:\Users\krishna sairam\Downloads\sairam\ADS-2\ADS-2 assignments\1.1 Graph\Bag.java:24:17: Name 'N' must match pattern '^[a-z][a-zA-Z0-9]*$'. [MemberName]
[ERROR] C:\Users\krishna sairam\Downloads\sairam\ADS-2\ADS-2 assignments\1.1 Graph\Bag.java:25:5: Missing a Javadoc comment. [JavadocVariable]
[ERROR] C:\Users\krishna sairam\Downloads\sairam\ADS-2\ADS-2 assignments\1.1 Graph\Bag.java:28: Missing a Javadoc comment. [JavadocType]
[ERROR] C:\Users\krishna sairam\Downloads\sairam\ADS-2\ADS-2 assignments\1.1 Graph\Bag.java:29:9: Missing a Javadoc comment. [JavadocVariable]
[ERROR] C:\Users\krishna sairam\Downloads\sairam\ADS-2\ADS-2 assignments\1.1 Graph\Bag.java:30:9: Missing a Javadoc comment. [JavadocVariable]
[ERROR] C:\Users\krishna sairam\Downloads\sairam\ADS-2\ADS-2 assignments\1.1 Graph\Bag.java:44: Expected @return tag. [JavadocMethod]
[ERROR] C:\Users\krishna sairam\Downloads\sairam\ADS-2\ADS-2 assignments\1.1 Graph\Bag.java:51: Expected @return tag. [JavadocMethod]
[ERROR] C:\Users\krishna sairam\Downloads\sairam\ADS-2\ADS-2 assignments\1.1 Graph\Bag.java:58:21: Parameter item should be final. [FinalParameters]
[ERROR] C:\Users\krishna sairam\Downloads\sairam\ADS-2\ADS-2 assignments\1.1 Graph\Bag.java:58:26: Expected @param tag for 'item'. [JavadocMethod]
[ERROR] C:\Users\krishna sairam\Downloads\sairam\ADS-2\ADS-2 assignments\1.1 Graph\Bag.java:69: Expected @return tag. [JavadocMethod]
[ERROR] C:\Users\krishna sairam\Downloads\sairam\ADS-2\ADS-2 assignments\1.1 Graph\Bag.java:74: Missing a Javadoc comment. [JavadocType]
[ERROR] C:\Users\krishna sairam\Downloads\sairam\ADS-2\ADS-2 assignments\1.1 Graph\Bag.java:75:9: Missing a Javadoc comment. [JavadocVariable]
[ERROR] C:\Users\krishna sairam\Downloads\sairam\ADS-2\ADS-2 assignments\1.1 Graph\Bag.java:77: Line is longer than 80 characters (found 81). [LineLength]
[ERROR] C:\Users\krishna sairam\Downloads\sairam\ADS-2\ADS-2 assignments\1.1 Graph\Bag.java:77:35: '{' at column 35 should have line break after. [LeftCurly]
[ERROR] C:\Users\krishna sairam\Downloads\sairam\ADS-2\ADS-2 assignments\1.1 Graph\Bag.java:78: Line is longer than 80 characters (found 81). [LineLength]
[ERROR] C:\Users\krishna sairam\Downloads\sairam\ADS-2\ADS-2 assignments\1.1 Graph\Bag.java:78:35: '{' at column 35 should have line break after. [LeftCurly]
[ERROR] C:\Users\krishna sairam\Downloads\sairam\ADS-2\ADS-2 assignments\1.1 Graph\Bag.java:80:9: Missing a Javadoc comment. [JavadocMethod]
[ERROR] C:\Users\krishna sairam\Downloads\sairam\ADS-2\ADS-2 assignments\1.1 Graph\Bag.java:81: 'if' construct must use '{}'s. [NeedBraces]
Audit done.
Checkstyle ends with 23 errors.
Starting audit...
[ERROR] C:\Users\krishna sairam\Downloads\sairam\ADS-2\ADS-2 assignments\1.1 Graph\GraphList.java:0: File does not end with a newline. [NewlineAtEndOfFile]
[ERROR] C:\Users\krishna sairam\Downloads\sairam\ADS-2\ADS-2 assignments\1.1 Graph\GraphList.java:5: First sentence should end with a period. [JavadocStyle]
[ERROR] C:\Users\krishna sairam\Downloads\sairam\ADS-2\ADS-2 assignments\1.1 Graph\GraphList.java:5:1: File contains tab characters (this is the first instance). [FileTabCharacter]
[ERROR] C:\Users\krishna sairam\Downloads\sairam\ADS-2\ADS-2 assignments\1.1 Graph\GraphList.java:8:21: Name 'V' must match pattern '^[a-z][a-zA-Z0-9]*$'. [MemberName]
[ERROR] C:\Users\krishna sairam\Downloads\sairam\ADS-2\ADS-2 assignments\1.1 Graph\GraphList.java:9: First sentence should end with a period. [JavadocStyle]
[ERROR] C:\Users\krishna sairam\Downloads\sairam\ADS-2\ADS-2 assignments\1.1 Graph\GraphList.java:12:21: Name 'E' must match pattern '^[a-z][a-zA-Z0-9]*$'. [MemberName]
[ERROR] C:\Users\krishna sairam\Downloads\sairam\ADS-2\ADS-2 assignments\1.1 Graph\GraphList.java:13: First sentence should end with a period. [JavadocStyle]
[ERROR] C:\Users\krishna sairam\Downloads\sairam\ADS-2\ADS-2 assignments\1.1 Graph\GraphList.java:22:19: Parameter V1 should be final. [FinalParameters]
[ERROR] C:\Users\krishna sairam\Downloads\sairam\ADS-2\ADS-2 assignments\1.1 Graph\GraphList.java:22:23: Name 'V1' must match pattern '^[a-z][a-zA-Z0-9]*$'. [ParameterName]
[ERROR] C:\Users\krishna sairam\Downloads\sairam\ADS-2\ADS-2 assignments\1.1 Graph\GraphList.java:35:20: Name 'V' must match pattern '^[a-z][a-zA-Z0-9]*$'. [MethodName]
[ERROR] C:\Users\krishna sairam\Downloads\sairam\ADS-2\ADS-2 assignments\1.1 Graph\GraphList.java:43:20: Name 'E' must match pattern '^[a-z][a-zA-Z0-9]*$'. [MethodName]
[ERROR] C:\Users\krishna sairam\Downloads\sairam\ADS-2\ADS-2 assignments\1.1 Graph\GraphList.java:52:29: Parameter v should be final. [FinalParameters]
[ERROR] C:\Users\krishna sairam\Downloads\sairam\ADS-2\ADS-2 assignments\1.1 Graph\GraphList.java:52:36: Parameter w should be final. [FinalParameters]
[ERROR] C:\Users\krishna sairam\Downloads\sairam\ADS-2\ADS-2 assignments\1.1 Graph\GraphList.java:67:38: Parameter v should be final. [FinalParameters]
[ERROR] C:\Users\krishna sairam\Downloads\sairam\ADS-2\ADS-2 assignments\1.1 Graph\GraphList.java:104:31: Parameter data should be final. [FinalParameters]
[ERROR] C:\Users\krishna sairam\Downloads\sairam\ADS-2\ADS-2 assignments\1.1 Graph\GraphList.java:129:21: Name 'V' must match pattern '^[a-z][a-zA-Z0-9]*$'. [MemberName]
[ERROR] C:\Users\krishna sairam\Downloads\sairam\ADS-2\ADS-2 assignments\1.1 Graph\GraphList.java:133:21: Name 'E' must match pattern '^[a-z][a-zA-Z0-9]*$'. [MemberName]
[ERROR] C:\Users\krishna sairam\Downloads\sairam\ADS-2\ADS-2 assignments\1.1 Graph\GraphList.java:143:21: Parameter V1 should be final. [FinalParameters]
[ERROR] C:\Users\krishna sairam\Downloads\sairam\ADS-2\ADS-2 assignments\1.1 Graph\GraphList.java:143:25: Name 'V1' must match pattern '^[a-z][a-zA-Z0-9]*$'. [ParameterName]
[ERROR] C:\Users\krishna sairam\Downloads\sairam\ADS-2\ADS-2 assignments\1.1 Graph\GraphList.java:160:38: Parameter v should be final. [FinalParameters]
[ERROR] C:\Users\krishna sairam\Downloads\sairam\ADS-2\ADS-2 assignments\1.1 Graph\GraphList.java:168:20: Name 'V' must match pattern '^[a-z][a-zA-Z0-9]*$'. [MethodName]
[ERROR] C:\Users\krishna sairam\Downloads\sairam\ADS-2\ADS-2 assignments\1.1 Graph\GraphList.java:176:20: Name 'E' must match pattern '^[a-z][a-zA-Z0-9]*$'. [MethodName]
[ERROR] C:\Users\krishna sairam\Downloads\sairam\ADS-2\ADS-2 assignments\1.1 Graph\GraphList.java:185:29: Parameter v should be final. [FinalParameters]
[ERROR] C:\Users\krishna sairam\Downloads\sairam\ADS-2\ADS-2 assignments\1.1 Graph\GraphList.java:185:36: Parameter w should be final. [FinalParameters]
[ERROR] C:\Users\krishna sairam\Downloads\sairam\ADS-2\ADS-2 assignments\1.1 Graph\GraphList.java:200:32: Parameter v should be final. [FinalParameters]
[ERROR] C:\Users\krishna sairam\Downloads\sairam\ADS-2\ADS-2 assignments\1.1 Graph\GraphList.java:200:39: Parameter w should be final. [FinalParameters]
Audit done.
Checkstyle ends with 26 errors.
Starting audit...
[ERROR] C:\Users\krishna sairam\Downloads\sairam\ADS-2\ADS-2 assignments\1.1 Graph\Solution.java:0: File does not end with a newline. [NewlineAtEndOfFile]
[ERROR] C:\Users\krishna sairam\Downloads\sairam\ADS-2\ADS-2 assignments\1.1 Graph\Solution.java:2:8: Unused import - java.util.Iterator. [UnusedImports]
[ERROR] C:\Users\krishna sairam\Downloads\sairam\ADS-2\ADS-2 assignments\1.1 Graph\Solution.java:3:8: Unused import - java.util.NoSuchElementException. [UnusedImports]
[ERROR] C:\Users\krishna sairam\Downloads\sairam\ADS-2\ADS-2 assignments\1.1 Graph\Solution.java:8:1: File contains tab characters (this is the first instance). [FileTabCharacter]
[ERROR] C:\Users\krishna sairam\Downloads\sairam\ADS-2\ADS-2 assignments\1.1 Graph\Solution.java:13:9: Redundant 'public' modifier. [RedundantModifier]
[ERROR] C:\Users\krishna sairam\Downloads\sairam\ADS-2\ADS-2 assignments\1.1 Graph\Solution.java:13:20: Name 'V' must match pattern '^[a-z][a-zA-Z0-9]*$'. [MethodName]
[ERROR] C:\Users\krishna sairam\Downloads\sairam\ADS-2\ADS-2 assignments\1.1 Graph\Solution.java:19:9: Redundant 'public' modifier. [RedundantModifier]
[ERROR] C:\Users\krishna sairam\Downloads\sairam\ADS-2\ADS-2 assignments\1.1 Graph\Solution.java:19:20: Name 'E' must match pattern '^[a-z][a-zA-Z0-9]*$'. [MethodName]
[ERROR] C:\Users\krishna sairam\Downloads\sairam\ADS-2\ADS-2 assignments\1.1 Graph\Solution.java:26:9: Redundant 'public' modifier. [RedundantModifier]
[ERROR] C:\Users\krishna sairam\Downloads\sairam\ADS-2\ADS-2 assignments\1.1 Graph\Solution.java:34:9: Redundant 'public' modifier. [RedundantModifier]
[ERROR] C:\Users\krishna sairam\Downloads\sairam\ADS-2\ADS-2 assignments\1.1 Graph\Solution.java:43:9: Redundant 'public' modifier. [RedundantModifier]
[ERROR] C:\Users\krishna sairam\Downloads\sairam\ADS-2\ADS-2 assignments\1.1 Graph\Solution.java:48:1: Utility classes should not have a public or default constructor. [HideUtilityClassConstructor]
[ERROR] C:\Users\krishna sairam\Downloads\sairam\ADS-2\ADS-2 assignments\1.1 Graph\Solution.java:49:9: Missing a Javadoc comment. [JavadocMethod]
Audit done.
Checkstyle ends with 13 errors.
