Starting audit...
[ERROR] C:\Users\krishna sairam\Downloads\sairam\ADS-2\ADS-2 assignments\m18\ADS-2Exam-3\Solution.java:0: File does not end with a newline. [NewlineAtEndOfFile]
[ERROR] C:\Users\krishna sairam\Downloads\sairam\ADS-2\ADS-2 assignments\m18\ADS-2Exam-3\Solution.java:4: Missing a Javadoc comment. [JavadocType]
[ERROR] C:\Users\krishna sairam\Downloads\sairam\ADS-2\ADS-2 assignments\m18\ADS-2Exam-3\Solution.java:4:1: Utility classes should not have a public or default constructor. [HideUtilityClassConstructor]
[ERROR] C:\Users\krishna sairam\Downloads\sairam\ADS-2\ADS-2 assignments\m18\ADS-2Exam-3\Solution.java:6:1: File contains tab characters (this is the first instance). [FileTabCharacter]
[ERROR] C:\Users\krishna sairam\Downloads\sairam\ADS-2\ADS-2 assignments\m18\ADS-2Exam-3\Solution.java:7:9: Missing a Javadoc comment. [JavadocMethod]
[ERROR] C:\Users\krishna sairam\Downloads\sairam\ADS-2\ADS-2 assignments\m18\ADS-2Exam-3\Solution.java:7:33: Parameter args should be final. [FinalParameters]
[ERROR] C:\Users\krishna sairam\Downloads\sairam\ADS-2\ADS-2 assignments\m18\ADS-2Exam-3\Solution.java:14: Line is longer than 80 characters (found 95). [LineLength]
[ERROR] C:\Users\krishna sairam\Downloads\sairam\ADS-2\ADS-2 assignments\m18\ADS-2Exam-3\Solution.java:38: Line is longer than 80 characters (found 84). [LineLength]
[ERROR] C:\Users\krishna sairam\Downloads\sairam\ADS-2\ADS-2 assignments\m18\ADS-2Exam-3\Solution.java:83:9: Missing a Javadoc comment. [JavadocMethod]
[ERROR] C:\Users\krishna sairam\Downloads\sairam\ADS-2\ADS-2 assignments\m18\ADS-2Exam-3\Solution.java:83:43: Parameter file should be final. [FinalParameters]
[ERROR] C:\Users\krishna sairam\Downloads\sairam\ADS-2\ADS-2 assignments\m18\ADS-2Exam-3\Solution.java:88: Line is longer than 80 characters (found 83). [LineLength]
[ERROR] C:\Users\krishna sairam\Downloads\sairam\ADS-2\ADS-2 assignments\m18\ADS-2Exam-3\Solution.java:88:9: Missing a Javadoc comment. [JavadocMethod]
[ERROR] C:\Users\krishna sairam\Downloads\sairam\ADS-2\ADS-2 assignments\m18\ADS-2Exam-3\Solution.java:88:70: Parameter file should be final. [FinalParameters]
[ERROR] C:\Users\krishna sairam\Downloads\sairam\ADS-2\ADS-2 assignments\m18\ADS-2Exam-3\Solution.java:89: Line is longer than 80 characters (found 92). [LineLength]
[ERROR] C:\Users\krishna sairam\Downloads\sairam\ADS-2\ADS-2 assignments\m18\ADS-2Exam-3\Solution.java:104: Missing a Javadoc comment. [JavadocType]
[ERROR] C:\Users\krishna sairam\Downloads\sairam\ADS-2\ADS-2 assignments\m18\ADS-2Exam-3\Solution.java:105:9: Missing a Javadoc comment. [JavadocVariable]
[ERROR] C:\Users\krishna sairam\Downloads\sairam\ADS-2\ADS-2 assignments\m18\ADS-2Exam-3\Solution.java:106:9: Missing a Javadoc comment. [JavadocMethod]
[ERROR] C:\Users\krishna sairam\Downloads\sairam\ADS-2\ADS-2 assignments\m18\ADS-2Exam-3\Solution.java:106:9: Redundant 'public' modifier. [RedundantModifier]
[ERROR] C:\Users\krishna sairam\Downloads\sairam\ADS-2\ADS-2 assignments\m18\ADS-2Exam-3\Solution.java:106:19: Parameter st should be final. [FinalParameters]
[ERROR] C:\Users\krishna sairam\Downloads\sairam\ADS-2\ADS-2 assignments\m18\ADS-2Exam-3\Solution.java:115:9: Missing a Javadoc comment. [JavadocMethod]
[ERROR] C:\Users\krishna sairam\Downloads\sairam\ADS-2\ADS-2 assignments\m18\ADS-2Exam-3\Solution.java:115:45: Parameter prefix should be final. [FinalParameters]
[ERROR] C:\Users\krishna sairam\Downloads\sairam\ADS-2\ADS-2 assignments\m18\ADS-2Exam-3\Solution.java:119:9: Missing a Javadoc comment. [JavadocMethod]
[ERROR] C:\Users\krishna sairam\Downloads\sairam\ADS-2\ADS-2 assignments\m18\ADS-2Exam-3\Solution.java:119:48: Parameter t9Signature should be final. [FinalParameters]
[ERROR] C:\Users\krishna sairam\Downloads\sairam\ADS-2\ADS-2 assignments\m18\ADS-2Exam-3\Solution.java:125:9: Missing a Javadoc comment. [JavadocMethod]
[ERROR] C:\Users\krishna sairam\Downloads\sairam\ADS-2\ADS-2 assignments\m18\ADS-2Exam-3\Solution.java:125:48: Parameter words should be final. [FinalParameters]
[ERROR] C:\Users\krishna sairam\Downloads\sairam\ADS-2\ADS-2 assignments\m18\ADS-2Exam-3\Solution.java:125:72: Parameter k should be final. [FinalParameters]
[ERROR] C:\Users\krishna sairam\Downloads\sairam\ADS-2\ADS-2 assignments\m18\ADS-2Exam-3\Solution.java:129: Line is longer than 80 characters (found 92). [LineLength]
[ERROR] C:\Users\krishna sairam\Downloads\sairam\ADS-2\ADS-2 assignments\m18\ADS-2Exam-3\Solution.java:131:44: 'typecast' is not followed by whitespace. [WhitespaceAfter]
[ERROR] C:\Users\krishna sairam\Downloads\sairam\ADS-2\ADS-2 assignments\m18\ADS-2Exam-3\Solution.java:132:41: 'typecast' is not followed by whitespace. [WhitespaceAfter]
[ERROR] C:\Users\krishna sairam\Downloads\sairam\ADS-2\ADS-2 assignments\m18\ADS-2Exam-3\Solution.java:143:9: Missing a Javadoc comment. [JavadocMethod]
[ERROR] C:\Users\krishna sairam\Downloads\sairam\ADS-2\ADS-2 assignments\m18\ADS-2Exam-3\Solution.java:143:36: Parameter t9Signature should be final. [FinalParameters]
[ERROR] C:\Users\krishna sairam\Downloads\sairam\ADS-2\ADS-2 assignments\m18\ADS-2Exam-3\Solution.java:143:56: Parameter k should be final. [FinalParameters]
Audit done.
Checkstyle ends with 32 errors.
Files to process must be specified, found 0.
Files to process must be specified, found 0.
Files to process must be specified, found 0.
Files to process must be specified, found 0.
Files to process must be specified, found 0.
Files to process must be specified, found 0.
Files to process must be specified, found 0.
